<?xml version="1.0" encoding="UTF-8"?>
<testng-results ignored="0" total="1" passed="1" failed="0" skipped="0">
  <reporter-output>
  </reporter-output>
  <suite started-at="2021-08-24T23:37:49 IST" name="awstests" finished-at="2021-08-24T23:37:59 IST" duration-ms="10406">
    <groups>
    </groups>
    <test started-at="2021-08-24T23:37:49 IST" name="awstests" finished-at="2021-08-24T23:37:59 IST" duration-ms="10406">
      <class name="awstests.EC2Test">
        <test-method is-config="true" signature="setUpDriver(java.lang.String)[pri:0, instance:awstests.EC2Test@2d0399f4]" started-at="2021-08-24T23:37:49 IST" name="setUpDriver" finished-at="2021-08-24T23:37:57 IST" duration-ms="7976" status="PASS">
          <params>
            <param index="0">
              <value>
                <![CDATA[chrome]]>
              </value>
            </param>
          </params>
          <reporter-output>
          </reporter-output>
        </test-method> <!-- setUpDriver -->
        <test-method signature="EC2LaunchTest()[pri:0, instance:awstests.EC2Test@2d0399f4]" started-at="2021-08-24T23:37:57 IST" name="EC2LaunchTest" finished-at="2021-08-24T23:37:59 IST" duration-ms="1538" status="PASS">
          <reporter-output>
          </reporter-output>
        </test-method> <!-- EC2LaunchTest -->
        <test-method is-config="true" signature="tearDown()[pri:0, instance:awstests.EC2Test@2d0399f4]" started-at="2021-08-24T23:37:59 IST" name="tearDown" finished-at="2021-08-24T23:37:59 IST" duration-ms="826" status="PASS">
          <reporter-output>
          </reporter-output>
        </test-method> <!-- tearDown -->
        <test-method is-config="true" signature="sendTestNGReports()[pri:0, instance:awstests.EC2Test@2d0399f4]" started-at="2021-08-24T23:38:00 IST" name="sendTestNGReports" finished-at="2021-08-24T23:38:08 IST" duration-ms="8456" status="PASS">
          <reporter-output>
          </reporter-output>
        </test-method> <!-- sendTestNGReports -->
      </class> <!-- awstests.EC2Test -->
    </test> <!-- awstests -->
  </suite> <!-- awstests -->
</testng-results>
